<?xml version="1.0" encoding="UTF-8"?>
<!-- Generated by org.testng.reporters.JUnitReportReporter -->
<testsuite hostname="LAPTOP-A8BVRJ77" failures="0" tests="1" name="dataProviderTestNG.LogintestCase" time="14.504" errors="0" timestamp="2022-05-29T06:38:15 IST" skipped="0">
  <testcase classname="dataProviderTestNG.LogintestCase" name="login" time="14.504"/>
  <system-out/>
</testsuite> <!-- dataProviderTestNG.LogintestCase -->
