<?xml version="1.0" encoding="UTF-8"?>
<!-- Generated by org.testng.reporters.JUnitReportReporter -->
<testsuite hostname="LAPTOP-A8BVRJ77" failures="0" tests="1" name="pageObjectModel.LoginTestCasePageFactory" time="13.438" errors="0" timestamp="2022-05-29T07:30:59 IST" skipped="0">
  <testcase classname="pageObjectModel.LoginTestCasePageFactory" name="login" time="13.438"/>
  <system-out/>
</testsuite> <!-- pageObjectModel.LoginTestCasePageFactory -->
