<?xml version="1.0" encoding="UTF-8"?>
<!-- Generated by org.testng.reporters.JUnitReportReporter -->
<testsuite hostname="LAPTOP-A8BVRJ77" failures="0" tests="1" name="pageObjectModel.LoginWithoutFindby$LoginTestCase" time="17.463" errors="0" timestamp="2022-05-30T11:55:40 IST" skipped="0">
  <testcase classname="pageObjectModel.LoginWithoutFindby$LoginTestCase" name="login" time="17.463"/>
  <system-out/>
</testsuite> <!-- pageObjectModel.LoginWithoutFindby$LoginTestCase -->
