<?xml version="1.0" encoding="UTF-8"?>
<!-- Generated by org.testng.reporters.JUnitReportReporter -->
<testsuite hostname="LAPTOP-A8BVRJ77" failures="0" tests="4" name="dataProviderTestNG.UsingDataProvider" time="46.950" errors="0" timestamp="2022-05-19T20:00:25 IST" skipped="0">
  <testcase classname="dataProviderTestNG.UsingDataProvider" name="login" time="10.215"/>
  <system-out/>
  <testcase classname="dataProviderTestNG.UsingDataProvider" name="login" time="11.388"/>
  <system-out/>
  <testcase classname="dataProviderTestNG.UsingDataProvider" name="login" time="8.759"/>
  <system-out/>
  <testcase classname="dataProviderTestNG.UsingDataProvider" name="login" time="16.588"/>
  <system-out/>
</testsuite> <!-- dataProviderTestNG.UsingDataProvider -->
