<?xml version="1.0" encoding="UTF-8"?>
<!-- Generated by org.testng.reporters.JUnitReportReporter -->
<testsuite hostname="LAPTOP-A8BVRJ77" failures="0" tests="4" name="com.gowtham.testNG.SkiptestExample" time="0.008" errors="0" timestamp="2022-05-17T13:39:24 IST" skipped="1">
  <testcase classname="com.gowtham.testNG.SkiptestExample" name="Velumani" time="0.006"/>
  <system-out/>
  <testcase classname="com.gowtham.testNG.SkiptestExample" name="Shanthi" time="0.001"/>
  <system-out/>
  <testcase classname="com.gowtham.testNG.SkiptestExample" name="Mahalaksmi" time="0.001"/>
  <system-out/>
  <testcase classname="com.gowtham.testNG.SkiptestExample" name="Gowtham">
    <skipped/>
  </testcase> <!-- Gowtham -->
  <system-out/>
</testsuite> <!-- com.gowtham.testNG.SkiptestExample -->
