<?xml version="1.0" encoding="UTF-8"?>
<!-- Generated by org.testng.reporters.JUnitReportReporter -->
<testsuite hostname="LAPTOP-A8BVRJ77" failures="0" tests="3" name="testNG.ApplePhones" time="0.002" errors="0" timestamp="2022-05-27T15:40:01 IST" skipped="0">
  <testcase classname="testNG.ApplePhones" name="Apple1" time="0.001"/>
  <system-out/>
  <testcase classname="testNG.ApplePhones" name="Apple2" time="0.001"/>
  <system-out/>
  <testcase classname="testNG.ApplePhones" name="Apple3" time="0.000"/>
  <system-out/>
</testsuite> <!-- testNG.ApplePhones -->
