<?xml version="1.0" encoding="UTF-8"?>
<!-- Generated by org.testng.reporters.JUnitReportReporter -->
<testsuite hostname="LAPTOP-A8BVRJ77" failures="0" tests="4" name="com.gowtham.testNG.Priorityexample" time="0.009" errors="0" timestamp="2022-05-17T16:13:32 IST" skipped="0">
  <testcase classname="com.gowtham.testNG.Priorityexample" name="Velumani" time="0.006"/>
  <system-out/>
  <testcase classname="com.gowtham.testNG.Priorityexample" name="Shanthi" time="0.001"/>
  <system-out/>
  <testcase classname="com.gowtham.testNG.Priorityexample" name="Gowtham" time="0.001"/>
  <system-out/>
  <testcase classname="com.gowtham.testNG.Priorityexample" name="Mahalaksmi" time="0.001"/>
  <system-out/>
</testsuite> <!-- com.gowtham.testNG.Priorityexample -->
