<?xml version="1.0" encoding="UTF-8"?>
<!-- Generated by org.testng.reporters.JUnitReportReporter -->
<testsuite hostname="LAPTOP-A8BVRJ77" failures="0" tests="7" name="testNG.GroupingExample" time="0.009" errors="0" timestamp="2022-05-18T19:12:03 IST" skipped="0">
  <testcase classname="testNG.GroupingExample" name="lenovo1" time="0.001"/>
  <system-out/>
  <testcase classname="testNG.GroupingExample" name="Motorola1" time="0.005"/>
  <system-out/>
  <testcase classname="testNG.GroupingExample" name="lenovo3" time="0.001"/>
  <system-out/>
  <testcase classname="testNG.GroupingExample" name="lenovo2" time="0.000"/>
  <system-out/>
  <testcase classname="testNG.GroupingExample" name="Motorola3" time="0.001"/>
  <system-out/>
  <testcase classname="testNG.GroupingExample" name="Motorola4" time="0.001"/>
  <system-out/>
  <testcase classname="testNG.GroupingExample" name="Motorola2" time="0.000"/>
  <system-out/>
</testsuite> <!-- testNG.GroupingExample -->
