<?xml version="1.0" encoding="UTF-8"?>
<!-- Generated by org.testng.reporters.JUnitReportReporter -->
<testsuite hostname="LAPTOP-A8BVRJ77" failures="0" tests="3" name="com.gowtham.testNG.ApplePhones" time="0.001" errors="0" timestamp="2022-05-17T18:27:45 IST" skipped="0">
  <testcase classname="com.gowtham.testNG.ApplePhones" name="Apple1" time="0.000"/>
  <system-out/>
  <testcase classname="com.gowtham.testNG.ApplePhones" name="Apple2" time="0.001"/>
  <system-out/>
  <testcase classname="com.gowtham.testNG.ApplePhones" name="Apple3" time="0.000"/>
  <system-out/>
</testsuite> <!-- com.gowtham.testNG.ApplePhones -->
