<?xml version="1.0" encoding="UTF-8"?>
<!-- Generated by org.testng.reporters.JUnitReportReporter -->
<testsuite hostname="LAPTOP-A8BVRJ77" failures="0" tests="4" name="com.gowtham.testNG.DependsOnMethodsExample" time="0.018" errors="0" timestamp="2022-05-17T16:12:37 IST" skipped="0">
  <testcase classname="com.gowtham.testNG.DependsOnMethodsExample" name="completeUG" time="0.002"/>
  <system-out/>
  <testcase classname="com.gowtham.testNG.DependsOnMethodsExample" name="completePG" time="0.013"/>
  <system-out/>
  <testcase classname="com.gowtham.testNG.DependsOnMethodsExample" name="complete12th" time="0.001"/>
  <system-out/>
  <testcase classname="com.gowtham.testNG.DependsOnMethodsExample" name="complete10th" time="0.002"/>
  <system-out/>
</testsuite> <!-- com.gowtham.testNG.DependsOnMethodsExample -->
