<?xml version="1.0" encoding="UTF-8"?>
<!-- Generated by org.testng.reporters.JUnitReportReporter -->
<testsuite hostname="LAPTOP-A8BVRJ77" failures="0" tests="1" name="testNG.ParameterExample" time="0.000" errors="0" timestamp="2022-05-27T15:40:01 IST" skipped="0">
  <testcase classname="testNG.ParameterExample" name="gowtham" time="0.000"/>
  <system-out/>
</testsuite> <!-- testNG.ParameterExample -->
