<?xml version="1.0" encoding="UTF-8"?>
<!-- Generated by org.testng.reporters.JUnitReportReporter -->
<testsuite hostname="LAPTOP-A8BVRJ77" failures="0" tests="2" name="com.gowtham.testNG.Annotationhireachy" time="0.004" errors="0" timestamp="2022-05-17T18:49:12 IST" skipped="0">
  <testcase classname="com.gowtham.testNG.Annotationhireachy" name="name1" time="0.001"/>
  <system-out/>
  <testcase classname="com.gowtham.testNG.Annotationhireachy" name="name" time="0.003"/>
  <system-out/>
</testsuite> <!-- com.gowtham.testNG.Annotationhireachy -->
