<?xml version="1.0" encoding="UTF-8"?>
<!-- Generated by org.testng.reporters.JUnitReportReporter -->
<testsuite hostname="LAPTOP-A8BVRJ77" failures="0" tests="2" name="testNG.AnnotationsExample" time="0.009" errors="0" timestamp="2022-05-27T14:17:58 IST" skipped="0">
  <testcase classname="testNG.AnnotationsExample" name="testMethod1" time="0.007"/>
  <system-out/>
  <testcase classname="testNG.AnnotationsExample" name="testMethod2" time="0.002"/>
  <system-out/>
</testsuite> <!-- testNG.AnnotationsExample -->
